2023-12-25 08:40:19,393 INFO o.a.j.u.JMeterUtils: Setting Locale to tr_TR
2023-12-25 08:40:19,463 INFO o.a.j.u.JMeterUtils: Could not find resources for 'tr_TR', using 'tr'
2023-12-25 08:40:19,469 INFO o.a.j.JMeter: Loading user properties from: user.properties
2023-12-25 08:40:19,474 INFO o.a.j.JMeter: Loading system properties from: system.properties
2023-12-25 08:40:19,489 INFO o.a.j.JMeter: Copyright (c) 1998-2023 The Apache Software Foundation
2023-12-25 08:40:19,490 INFO o.a.j.JMeter: Version 5.6.2
2023-12-25 08:40:19,490 INFO o.a.j.JMeter: java.version=11.0.19
2023-12-25 08:40:19,491 INFO o.a.j.JMeter: java.vm.name=Java HotSpot(TM) 64-Bit Server VM
2023-12-25 08:40:19,491 INFO o.a.j.JMeter: os.name=Windows 10
2023-12-25 08:40:19,491 INFO o.a.j.JMeter: os.arch=amd64
2023-12-25 08:40:19,492 INFO o.a.j.JMeter: os.version=10.0
2023-12-25 08:40:19,492 INFO o.a.j.JMeter: file.encoding=Cp1254
2023-12-25 08:40:19,492 INFO o.a.j.JMeter: java.awt.headless=null
2023-12-25 08:40:19,492 INFO o.a.j.JMeter: Max memory     =2122317824
2023-12-25 08:40:19,492 INFO o.a.j.JMeter: Available Processors =4
2023-12-25 08:40:19,513 INFO o.a.j.JMeter: Default Locale=Türkçe (Türkiye)
2023-12-25 08:40:19,514 INFO o.a.j.JMeter: JMeter  Locale=Türkçe (Türkiye)
2023-12-25 08:40:19,514 INFO o.a.j.JMeter: JMeterHome=C:\Users\esra.demirci\Desktop\jmeter\apache-jmeter-5.6.2
2023-12-25 08:40:19,514 INFO o.a.j.JMeter: user.dir  =C:\Users\esra.demirci\Desktop\jmeter\apache-jmeter-5.6.2\bin
2023-12-25 08:40:19,515 INFO o.a.j.JMeter: PWD       =C:\Users\esra.demirci\Desktop\jmeter\apache-jmeter-5.6.2\bin
2023-12-25 08:40:19,517 INFO o.a.j.JMeter: IP: 10.212.134.203 Name: WS-ESRA FullName: WS-ESRA.kartega.com
2023-12-25 08:40:19,543 INFO o.a.j.JMeter: Loaded icon properties from org/apache/jmeter/images/icon.properties
2023-12-25 08:40:20,061 INFO o.a.j.JMeterGuiLauncher: Setting LAF to: com.github.weisj.darklaf.DarkLaf:com.github.weisj.darklaf.theme.DarculaTheme
2023-12-25 08:40:40,700 INFO o.a.j.s.FileServer: Default base='C:\Users\esra.demirci\Desktop\jmeter\apache-jmeter-5.6.2\bin'
2023-12-25 08:40:40,704 INFO o.a.j.g.a.Load: Loading file: C:\Users\esra.demirci\Downloads\Bek v2.jmx
2023-12-25 08:40:40,705 INFO o.a.j.s.FileServer: Set new base='C:\Users\esra.demirci\Downloads'
2023-12-25 08:40:40,993 INFO o.a.j.s.SaveService: Testplan (JMX) version: 2.2. Testlog (JTL) version: 2.2
2023-12-25 08:40:41,034 INFO o.a.j.s.SaveService: Using SaveService properties version 5.0
2023-12-25 08:40:41,037 INFO o.a.j.s.SaveService: Using SaveService properties file encoding UTF-8
2023-12-25 08:40:41,040 INFO o.a.j.s.SaveService: Loading file: C:\Users\esra.demirci\Downloads\Bek v2.jmx
2023-12-25 08:40:41,084 INFO o.a.j.p.h.c.CookieManager: Settings: Delete null: true Check: true Allow variable: true Save: false Prefix: COOKIE_
2023-12-25 08:40:41,095 INFO o.a.j.p.h.s.HTTPSamplerBase: Parser for text/html is org.apache.jmeter.protocol.http.parser.LagartoBasedHtmlParser
2023-12-25 08:40:41,095 INFO o.a.j.p.h.s.HTTPSamplerBase: Parser for application/xhtml+xml is org.apache.jmeter.protocol.http.parser.LagartoBasedHtmlParser
2023-12-25 08:40:41,095 INFO o.a.j.p.h.s.HTTPSamplerBase: Parser for application/xml is org.apache.jmeter.protocol.http.parser.LagartoBasedHtmlParser
2023-12-25 08:40:41,095 INFO o.a.j.p.h.s.HTTPSamplerBase: Parser for text/xml is org.apache.jmeter.protocol.http.parser.LagartoBasedHtmlParser
2023-12-25 08:40:41,095 INFO o.a.j.p.h.s.HTTPSamplerBase: Parser for text/vnd.wap.wml is org.apache.jmeter.protocol.http.parser.RegexpHTMLParser
2023-12-25 08:40:41,096 INFO o.a.j.p.h.s.HTTPSamplerBase: Parser for text/css is org.apache.jmeter.protocol.http.parser.CssParser
2023-12-25 08:40:43,241 INFO o.a.j.s.FileServer: Set new base='C:\Users\esra.demirci\Downloads'
